# JRE version: OpenJDK Runtime Environment (11.0.8+10) (build 11.0.8+10-b944.6842174)
# Java VM: OpenJDK 64-Bit Server VM (11.0.8+10-b944.6842174, mixed mode, tiered, compressed oops, g1 gc, windows-amd64)
Heap:
 garbage-first heap   total 157696K, used 30217K [0x0000000080e00000, 0x0000000100000000)
  region size 1024K, 7 young (7168K), 7 survivors (7168K)
 Metaspace       used 45233K, capacity 45771K, committed 45980K, reserved 1089536K
  class space    used 5367K, capacity 5550K, committed 5628K, reserved 1048576K
GC Heap History (9 events):
Event: 0.417 GC heap before
{Heap before GC invocations=0 (full 0):
 garbage-first heap   total 131072K, used 17408K [0x0000000080e00000, 0x0000000100000000)
  region size 1024K, 14 young (14336K), 0 survivors (0K)
 Metaspace       used 9787K, capacity 9871K, committed 10112K, reserved 1058816K
  class space    used 828K, capacity 884K, committed 896K, reserved 1048576K
}
Event: 0.420 GC heap after
{Heap after GC invocations=1 (full 0):
 garbage-first heap   total 131072K, used 5141K [0x0000000080e00000, 0x0000000100000000)
  region size 1024K, 2 young (2048K), 2 survivors (2048K)
 Metaspace       used 9787K, capacity 9871K, committed 10112K, reserved 1058816K
  class space    used 828K, capacity 884K, committed 896K, reserved 1048576K
}
Event: 1.141 GC heap before
{Heap before GC invocations=1 (full 0):
 garbage-first heap   total 131072K, used 51221K [0x0000000080e00000, 0x0000000100000000)
  region size 1024K, 48 young (49152K), 2 survivors (2048K)
 Metaspace       used 20975K, capacity 21194K, committed 21248K, reserved 1069056K
  class space    used 2214K, capacity 2297K, committed 2304K, reserved 1048576K
}
Event: 1.152 GC heap after
{Heap after GC invocations=2 (full 0):
 garbage-first heap   total 131072K, used 9619K [0x0000000080e00000, 0x0000000100000000)
  region size 1024K, 7 young (7168K), 7 survivors (7168K)
 Metaspace       used 20975K, capacity 21194K, committed 21248K, reserved 1069056K
  class space    used 2214K, capacity 2297K, committed 2304K, reserved 1048576K
}
Event: 1.957 GC heap before
{Heap before GC invocations=3 (full 0):
 garbage-first heap   total 131072K, used 72083K [0x0000000080e00000, 0x0000000100000000)
  region size 1024K, 56 young (57344K), 7 survivors (7168K)
 Metaspace       used 31952K, capacity 32405K, committed 32764K, reserved 1077248K
  class space    used 3779K, capacity 3937K, committed 4092K, reserved 1048576K
}
Event: 1.970 GC heap after
{Heap after GC invocations=4 (full 0):
 garbage-first heap   total 131072K, used 23694K [0x0000000080e00000, 0x0000000100000000)
  region size 1024K, 6 young (6144K), 6 survivors (6144K)
 Metaspace       used 31952K, capacity 32405K, committed 32764K, reserved 1077248K
  class space    used 3779K, capacity 3937K, committed 4092K, reserved 1048576K
}
Event: 2.175 GC heap before
{Heap before GC invocations=4 (full 0):
 garbage-first heap   total 131072K, used 39054K [0x0000000080e00000, 0x0000000100000000)
  region size 1024K, 22 young (22528K), 6 survivors (6144K)
 Metaspace       used 35278K, capacity 35760K, committed 35964K, reserved 1081344K
  class space    used 4140K, capacity 4330K, committed 4476K, reserved 1048576K
}
Event: 2.187 GC heap after
{Heap after GC invocations=5 (full 0):
 garbage-first heap   total 131072K, used 25956K [0x0000000080e00000, 0x0000000100000000)
  region size 1024K, 3 young (3072K), 3 survivors (3072K)
 Metaspace       used 35278K, capacity 35760K, committed 35964K, reserved 1081344K
  class space    used 4140K, capacity 4330K, committed 4476K, reserved 1048576K
}
Event: 2.968 GC heap before
{Heap before GC invocations=6 (full 0):
 garbage-first heap   total 131072K, used 75108K [0x0000000080e00000, 0x0000000100000000)
  region size 1024K, 51 young (52224K), 3 survivors (3072K)
 Metaspace       used 45233K, capacity 45771K, committed 45980K, reserved 1089536K
  class space    used 5367K, capacity 5550K, committed 5628K, reserved 1048576K
}

